{
  "RSpec": {
    "coverage": {
      "/Users/blainekennedy/mod4/projects/TeaSubscriptionService/config/environment.rb": {
        "lines": [
          null,
          1,
          null,
          null,
          1
        ]
      },
      "/Users/blainekennedy/mod4/projects/TeaSubscriptionService/config/application.rb": {
        "lines": [
          1,
          null,
          1,
          null,
          null,
          null,
          1,
          null,
          1,
          1,
          null,
          1,
          null,
          null,
          null,
          null,
          1,
          null,
          null,
          null,
          null,
          null,
          null,
          null,
          null,
          null,
          null,
          null,
          null,
          1,
          null,
          null
        ]
      },
      "/Users/blainekennedy/mod4/projects/TeaSubscriptionService/config/boot.rb": {
        "lines": [
          1,
          null,
          1,
          1
        ]
      },
      "/Users/blainekennedy/mod4/projects/TeaSubscriptionService/config/environments/test.rb": {
        "lines": [
          1,
          null,
          null,
          null,
          null,
          null,
          null,
          1,
          null,
          null,
          null,
          1,
          null,
          null,
          null,
          null,
          null,
          1,
          null,
          null,
          1,
          1,
          null,
          null,
          null,
          null,
          1,
          1,
          1,
          null,
          null,
          1,
          null,
          null,
          1,
          null,
          null,
          1,
          null,
          1,
          null,
          null,
          null,
          null,
          1,
          null,
          null,
          1,
          null,
          null,
          1,
          null,
          null,
          1,
          null,
          null,
          null,
          null,
          null,
          null,
          null,
          null,
          1,
          null
        ]
      },
      "/Users/blainekennedy/mod4/projects/TeaSubscriptionService/config/initializers/cors.rb": {
        "lines": [
          null,
          null,
          null,
          null,
          null,
          null,
          null,
          null,
          null,
          null,
          null,
          null,
          null,
          null,
          null,
          null
        ]
      },
      "/Users/blainekennedy/mod4/projects/TeaSubscriptionService/config/initializers/filter_parameter_logging.rb": {
        "lines": [
          null,
          null,
          null,
          null,
          null,
          1,
          null,
          null
        ]
      },
      "/Users/blainekennedy/mod4/projects/TeaSubscriptionService/config/initializers/inflections.rb": {
        "lines": [
          null,
          null,
          null,
          null,
          null,
          null,
          null,
          null,
          null,
          null,
          null,
          null,
          null,
          null,
          null,
          null
        ]
      },
      "/Users/blainekennedy/mod4/projects/TeaSubscriptionService/config/routes.rb": {
        "lines": [
          1,
          null,
          null,
          null,
          null,
          1,
          null,
          null,
          null,
          null,
          1,
          1,
          1,
          1,
          1,
          null,
          null,
          null
        ]
      },
      "/Users/blainekennedy/mod4/projects/TeaSubscriptionService/app/models/customer.rb": {
        "lines": [
          1,
          1,
          1,
          null,
          null
        ]
      },
      "/Users/blainekennedy/mod4/projects/TeaSubscriptionService/app/models/application_record.rb": {
        "lines": [
          1,
          1,
          null
        ]
      },
      "/Users/blainekennedy/mod4/projects/TeaSubscriptionService/spec/models/subscription_spec.rb": {
        "lines": [
          1,
          null,
          1,
          null,
          1,
          2,
          2,
          null,
          null
        ]
      },
      "/Users/blainekennedy/mod4/projects/TeaSubscriptionService/app/models/subscription.rb": {
        "lines": [
          1,
          1,
          1,
          null,
          1,
          null
        ]
      },
      "/Users/blainekennedy/mod4/projects/TeaSubscriptionService/spec/models/tea_spec.rb": {
        "lines": [
          1,
          null,
          1,
          null,
          1,
          2,
          2,
          null,
          null
        ]
      },
      "/Users/blainekennedy/mod4/projects/TeaSubscriptionService/app/models/tea.rb": {
        "lines": [
          1,
          1,
          1,
          null
        ]
      },
      "/Users/blainekennedy/mod4/projects/TeaSubscriptionService/spec/requests/api/v0/customers/subscriptions/index_spec.rb": {
        "lines": [
          1,
          1,
          2,
          null,
          null,
          1,
          1,
          null,
          1,
          1,
          null,
          1,
          1,
          null,
          null,
          1,
          1,
          1,
          1,
          null,
          1,
          1,
          1,
          1,
          1,
          1,
          1,
          null,
          null,
          1,
          1,
          1,
          1,
          null,
          1,
          1,
          1,
          1,
          1,
          1,
          1,
          null,
          null,
          1,
          1,
          null,
          1,
          1,
          null,
          1,
          null,
          1,
          null,
          null
        ]
      },
      "/Users/blainekennedy/mod4/projects/TeaSubscriptionService/spec/requests/api/v0/subscriptions/cancel_spec.rb": {
        "lines": [
          1,
          null,
          1,
          1,
          1,
          null,
          null,
          1,
          null,
          null,
          null,
          null,
          null,
          null,
          1,
          null,
          1,
          1,
          1,
          null,
          null,
          1,
          null,
          1,
          null,
          1,
          1,
          null,
          1,
          1,
          1,
          1,
          null,
          1,
          1,
          1,
          1,
          1,
          1,
          1,
          null,
          1,
          1,
          1,
          null,
          null,
          1,
          1,
          1,
          null,
          null,
          1,
          null,
          1,
          1,
          null,
          1,
          null,
          1,
          null,
          null
        ]
      },
      "/Users/blainekennedy/mod4/projects/TeaSubscriptionService/spec/requests/api/v0/subscriptions/create_spec.rb": {
        "lines": [
          1,
          1,
          3,
          null,
          null,
          1,
          null,
          1,
          null,
          null,
          null,
          null,
          null,
          null,
          1,
          null,
          1,
          null,
          1,
          1,
          null,
          1,
          null,
          1,
          1,
          1,
          1,
          null,
          1,
          1,
          1,
          1,
          1,
          1,
          1,
          null,
          null,
          1,
          null,
          1,
          null,
          null,
          null,
          null,
          null,
          null,
          1,
          null,
          1,
          null,
          null,
          1,
          1,
          null,
          1,
          null,
          1,
          null,
          null,
          null,
          1,
          null,
          1,
          null,
          null,
          null,
          null,
          null,
          null,
          1,
          null,
          1,
          null,
          null,
          1,
          1,
          null,
          1,
          null,
          1,
          null,
          null,
          null
        ]
      },
      "/Users/blainekennedy/mod4/projects/TeaSubscriptionService/app/controllers/api/v0/customers/subscriptions_controller.rb": {
        "lines": [
          1,
          null,
          1,
          null,
          2,
          1,
          1,
          1,
          1,
          null,
          null,
          null
        ]
      },
      "/Users/blainekennedy/mod4/projects/TeaSubscriptionService/app/controllers/application_controller.rb": {
        "lines": [
          1,
          null
        ]
      },
      "/Users/blainekennedy/mod4/projects/TeaSubscriptionService/app/serializers/subscription_serializer.rb": {
        "lines": [
          1,
          1,
          1,
          null,
          null,
          null,
          null,
          null,
          null
        ]
      },
      "/Users/blainekennedy/mod4/projects/TeaSubscriptionService/app/serializers/error_serializer.rb": {
        "lines": [
          1,
          1,
          4,
          null,
          null,
          1,
          null,
          4,
          null,
          null,
          null,
          null,
          null,
          null,
          null
        ]
      },
      "/Users/blainekennedy/mod4/projects/TeaSubscriptionService/app/poros/error.rb": {
        "lines": [
          1,
          1,
          null,
          1,
          4,
          null,
          null
        ]
      },
      "/Users/blainekennedy/mod4/projects/TeaSubscriptionService/app/controllers/api/v0/subscriptions_controller.rb": {
        "lines": [
          1,
          null,
          1,
          null,
          4,
          3,
          2,
          2,
          2,
          2,
          null,
          null,
          null,
          1,
          null,
          2,
          1,
          1,
          1,
          1,
          null,
          null,
          null,
          1,
          null,
          1,
          2,
          null,
          null
        ]
      }
    },
    "timestamp": 1706317928
  }
}
